<?xml version="1.0" encoding="UTF-8"?>
<testng-results ignored="0" total="2" passed="2" failed="0" skipped="0">
  <reporter-output>
  </reporter-output>
  <suite started-at="2022-10-05T10:33:06 IST" name="Default suite" finished-at="2022-10-05T10:33:34 IST" duration-ms="27209">
    <groups>
      <group name="cucumber">
        <method signature="AbstractTestNGCucumberTests.runScenario(io.cucumber.testng.PickleWrapper, io.cucumber.testng.FeatureWrapper)[pri:0, instance:com.NopCommerce.runner.UIRunner@175b9425]" name="runScenario" class="io.cucumber.testng.AbstractTestNGCucumberTests"/>
      </group> <!-- cucumber -->
    </groups>
    <test started-at="2022-10-05T10:33:06 IST" name="Default test" finished-at="2022-10-05T10:33:34 IST" duration-ms="27209">
      <class name="com.NopCommerce.runner.UIRunner">
        <test-method is-config="true" signature="setUpClass(org.testng.ITestContext)[pri:0, instance:com.NopCommerce.runner.UIRunner@175b9425]" started-at="2022-10-05T10:33:06 IST" name="setUpClass" finished-at="2022-10-05T10:33:07 IST" duration-ms="240" status="PASS">
          <params>
            <param index="0">
              <value>
                <![CDATA[org.testng.TestRunner@19d27c27]]>
              </value>
            </param>
          </params>
          <reporter-output>
          </reporter-output>
        </test-method> <!-- setUpClass -->
        <test-method signature="runScenario(io.cucumber.testng.PickleWrapper, io.cucumber.testng.FeatureWrapper)[pri:0, instance:com.NopCommerce.runner.UIRunner@175b9425]" started-at="2022-10-05T10:33:07 IST" name="runScenario" description="Runs Cucumber Scenarios" data-provider="scenarios" finished-at="2022-10-05T10:33:18 IST" duration-ms="11281" status="PASS">
          <params>
            <param index="0">
              <value>
                <![CDATA["Verify Login with invalid credentials"]]>
              </value>
            </param>
            <param index="1">
              <value>
                <![CDATA["Verify Login Feature"]]>
              </value>
            </param>
          </params>
          <reporter-output>
          </reporter-output>
        </test-method> <!-- runScenario -->
        <test-method signature="runScenario(io.cucumber.testng.PickleWrapper, io.cucumber.testng.FeatureWrapper)[pri:0, instance:com.NopCommerce.runner.UIRunner@175b9425]" started-at="2022-10-05T10:33:18 IST" name="runScenario" description="Runs Cucumber Scenarios" data-provider="scenarios" finished-at="2022-10-05T10:33:33 IST" duration-ms="15230" status="PASS">
          <params>
            <param index="0">
              <value>
                <![CDATA["Verify Login with valid credentials"]]>
              </value>
            </param>
            <param index="1">
              <value>
                <![CDATA["Verify Login Feature"]]>
              </value>
            </param>
          </params>
          <reporter-output>
          </reporter-output>
        </test-method> <!-- runScenario -->
        <test-method is-config="true" signature="tearDownClass()[pri:0, instance:com.NopCommerce.runner.UIRunner@175b9425]" started-at="2022-10-05T10:33:33 IST" name="tearDownClass" finished-at="2022-10-05T10:33:34 IST" duration-ms="430" status="PASS">
          <reporter-output>
          </reporter-output>
        </test-method> <!-- tearDownClass -->
        <test-method is-config="true" signature="teardown()[pri:0, instance:com.NopCommerce.runner.UIRunner@175b9425]" started-at="2022-10-05T10:33:34 IST" name="teardown" finished-at="2022-10-05T10:33:35 IST" duration-ms="1247" status="PASS">
          <reporter-output>
          </reporter-output>
        </test-method> <!-- teardown -->
      </class> <!-- com.NopCommerce.runner.UIRunner -->
    </test> <!-- Default test -->
  </suite> <!-- Default suite -->
</testng-results>
